mktextfm IPAPMincho/OT
mktextfm IPAPMincho/OT
mktextfm IPAPMincho/OT
mktextfm IPAPMincho/BI/OT
mktextfm IPAPMincho/OT
mktextfm IPAPMincho/B/OT
mktextfm IPAPMincho/OT
mktextfm IPAPMincho/I/OT
mktextfm IPAPMincho/OT
mktextfm IPAPMincho/OT
mktextfm IPAGothic/OT
mktextfm IPAGothic/OT
mktextfm IPAGothic/OT
mktextfm IPAGothic/BI/OT
mktextfm IPAGothic/OT
mktextfm IPAGothic/B/OT
mktextfm IPAGothic/OT
mktextfm IPAGothic/I/OT
mktextfm IPAGothic/OT
mktextfm IPAGothic/OT
mktextfm IPAPGothic/OT
mktextfm IPAPGothic/OT
mktextfm IPAPGothic/OT
mktextfm IPAPGothic/BI/OT
mktextfm IPAPGothic/OT
mktextfm IPAPGothic/B/OT
mktextfm IPAPGothic/OT
mktextfm IPAPGothic/I/OT
mktextfm IPAPGothic/OT
mktextfm IPAPGothic/OT
mktextfm IPAPMincho/OT
mktextfm IPAPMincho/OT
mktextfm IPAPMincho/OT
mktextfm IPAPMincho/BI/OT
mktextfm IPAPMincho/OT
mktextfm IPAPMincho/B/OT
mktextfm IPAPMincho/OT
mktextfm IPAPMincho/I/OT
mktextfm IPAPMincho/OT
mktextfm IPAPMincho/OT
mktextfm IPAGothic/OT
mktextfm IPAGothic/OT
mktextfm IPAGothic/OT
mktextfm IPAGothic/BI/OT
mktextfm IPAGothic/OT
mktextfm IPAGothic/B/OT
mktextfm IPAGothic/OT
mktextfm IPAGothic/I/OT
mktextfm IPAGothic/OT
mktextfm IPAGothic/OT
mktextfm IPAPGothic/OT
mktextfm IPAPGothic/OT
mktextfm IPAPGothic/OT
mktextfm IPAPGothic/BI/OT
mktextfm IPAPGothic/OT
mktextfm IPAPGothic/B/OT
mktextfm IPAPGothic/OT
mktextfm IPAPGothic/I/OT
mktextfm IPAPGothic/OT
mktextfm IPAPGothic/OT
mktextfm IPAPMincho/OT
mktextfm IPAPMincho/OT
mktextfm IPAPMincho/OT
mktextfm IPAPMincho/BI/OT
mktextfm IPAPMincho/OT
mktextfm IPAPMincho/B/OT
mktextfm IPAPMincho/OT
mktextfm IPAPMincho/I/OT
mktextfm IPAPMincho/OT
mktextfm IPAPMincho/OT
mktextfm IPAGothic/OT
mktextfm IPAGothic/OT
mktextfm IPAGothic/OT
mktextfm IPAGothic/BI/OT
mktextfm IPAGothic/OT
mktextfm IPAGothic/B/OT
mktextfm IPAGothic/OT
mktextfm IPAGothic/I/OT
mktextfm IPAGothic/OT
mktextfm IPAGothic/OT
mktextfm IPAPGothic/OT
mktextfm IPAPGothic/OT
mktextfm IPAPGothic/OT
mktextfm IPAPGothic/BI/OT
mktextfm IPAPGothic/OT
mktextfm IPAPGothic/B/OT
mktextfm IPAPGothic/OT
mktextfm IPAPGothic/I/OT
mktextfm IPAPGothic/OT
mktextfm IPAPGothic/OT
